<?xml version="1.0" encoding="UTF-8"?>
<!-- Generated by org.testng.reporters.JUnitReportReporter -->
<testsuite skipped="0" hostname="Praveen_246" name="DriverFactory.DataDrivenScript" tests="1" failures="0" timestamp="18 Feb 2021 14:20:29 GMT" time="131.992" errors="0">
  <testcase name="addingUser" time="131.992" classname="DriverFactory.DataDrivenScript"/>
</testsuite> <!-- DriverFactory.DataDrivenScript -->
