<?xml version="1.0" encoding="UTF-8"?>
<!-- Generated by org.testng.reporters.JUnitReportReporter -->
<testsuite skipped="0" hostname="Praveen_246" name="DriverFactory.DriverScriptKeyword" tests="1" failures="0" timestamp="18 Feb 2021 14:20:29 GMT" time="79.270" errors="0">
  <testcase name="startTest" time="79.270" classname="DriverFactory.DriverScriptKeyword"/>
</testsuite> <!-- DriverFactory.DriverScriptKeyword -->
