<?xml version="1.0" encoding="UTF-8"?>
<!-- Generated by org.testng.reporters.JUnitReportReporter -->
<testsuite hostname="Praveen_246" name="DriverFactory.TestScript" tests="1" failures="0" timestamp="9 Feb 2021 13:27:36 GMT" time="28.521" errors="0">
  <testcase name="useradd" time="28.521" classname="DriverFactory.TestScript"/>
</testsuite> <!-- DriverFactory.TestScript -->
